Build started 2021-09-28 오후 3:57:31.
     1>Project "C:\Users\not2p\Desktop\Hand_Gesture_Recognition\HandGesture\NimbleSDK\SDK\CppExamples\vs2010\DrawSkin.vcxproj" on node 2 (build target(s)).
       Project file contains ToolsVersion="14.0". This toolset may be unknown or missing, in which case you may be able to resolve this by installing the appropriate version of MSBuild, or the build may have been forced to a particular ToolsVersion for policy reasons. Treating the project as if it had ToolsVersion="4.0". For more information, please see http://go.microsoft.com/fwlink/?LinkId=291333.
     1>Project "C:\Users\not2p\Desktop\Hand_Gesture_Recognition\HandGesture\NimbleSDK\SDK\CppExamples\vs2010\DrawSkin.vcxproj" (1) is building "C:\Users\not2p\Desktop\Hand_Gesture_Recognition\HandGesture\NimbleSDK\SDK\CppExamples\vs2010\HandTrackingClient.vcxproj" (2) on node 2 (GetTargetPath target(s)).
       Project file contains ToolsVersion="14.0". This toolset may be unknown or missing, in which case you may be able to resolve this by installing the appropriate version of MSBuild, or the build may have been forced to a particular ToolsVersion for policy reasons. Treating the project as if it had ToolsVersion="4.0". For more information, please see http://go.microsoft.com/fwlink/?LinkId=291333.
     2>Done Building Project "C:\Users\not2p\Desktop\Hand_Gesture_Recognition\HandGesture\NimbleSDK\SDK\CppExamples\vs2010\HandTrackingClient.vcxproj" (GetTargetPath target(s)).
     1>Project "C:\Users\not2p\Desktop\Hand_Gesture_Recognition\HandGesture\NimbleSDK\SDK\CppExamples\vs2010\DrawSkin.vcxproj" (1) is building "C:\Users\not2p\Desktop\Hand_Gesture_Recognition\HandGesture\NimbleSDK\SDK\CppExamples\vs2010\HandTrackingClient.vcxproj" (2:2) on node 2 (GetNativeManifest target(s)).
       Project file contains ToolsVersion="14.0". This toolset may be unknown or missing, in which case you may be able to resolve this by installing the appropriate version of MSBuild, or the build may have been forced to a particular ToolsVersion for policy reasons. Treating the project as if it had ToolsVersion="4.0". For more information, please see http://go.microsoft.com/fwlink/?LinkId=291333.
     2>Done Building Project "C:\Users\not2p\Desktop\Hand_Gesture_Recognition\HandGesture\NimbleSDK\SDK\CppExamples\vs2010\HandTrackingClient.vcxproj" (GetNativeManifest target(s)).
     1>InitializeBuildStatus:
         Creating "obj\x64\Debug\DrawSkin\DrawSkin.unsuccessfulbuild" because "AlwaysCreate" was specified.
       ClCompile:
         C:\Program Files (x86)\Microsoft Visual Studio 10.0\VC\bin\x86_amd64\CL.exe /c /I.. /I"..\share\glfw-3.0.4\include" /Zi /nologo /W3 /WX- /Od /D _WIN32_WINNT=0x600 /D WINVER=0x0600 /D WIN32_LEAN_AND_MEAN /D WIN32 /D _WINDOWS /D UNICODE /D _UNICODE /D NOPCH /D _CRT_SECURE_NO_DEPRECATE /D DEBUG /D _MBCS /Gm /EHsc /RTC1 /MDd /GS /fp:precise /Zc:wchar_t /Zc:forScope /Fo"obj\x64\Debug\DrawSkin\\" /Fd"bin\debug\DrawSkin.pdb" /Gd /TP /errorReport:prompt ..\DrawSkin\DrawSkin.cpp
         DrawSkin.cpp
     1>Project "C:\Users\not2p\Desktop\Hand_Gesture_Recognition\HandGesture\NimbleSDK\SDK\CppExamples\vs2010\DrawSkin.vcxproj" (1) is building "C:\Users\not2p\Desktop\Hand_Gesture_Recognition\HandGesture\NimbleSDK\SDK\CppExamples\vs2010\HandTrackingClient.vcxproj" (2:3) on node 2 (GetResolvedLinkLibs target(s)).
       Project file contains ToolsVersion="14.0". This toolset may be unknown or missing, in which case you may be able to resolve this by installing the appropriate version of MSBuild, or the build may have been forced to a particular ToolsVersion for policy reasons. Treating the project as if it had ToolsVersion="4.0". For more information, please see http://go.microsoft.com/fwlink/?LinkId=291333.
     2>Done Building Project "C:\Users\not2p\Desktop\Hand_Gesture_Recognition\HandGesture\NimbleSDK\SDK\CppExamples\vs2010\HandTrackingClient.vcxproj" (GetResolvedLinkLibs target(s)).
     1>Link:
         C:\Program Files (x86)\Microsoft Visual Studio 10.0\VC\bin\x86_amd64\link.exe /ERRORREPORT:PROMPT /OUT:"bin\debug\DrawSkin.exe" /INCREMENTAL:NO /NOLOGO /LIBPATH:"..\share\glfw-3.0.4\lib\Win64" OpenGL32.lib GLU32.lib GLFW3.lib kernel32.lib user32.lib gdi32.lib winspool.lib comdlg32.lib advapi32.lib shell32.lib ole32.lib oleaut32.lib uuid.lib odbc32.lib odbccp32.lib /NODEFAULTLIB:msvcrt.lib /MANIFEST /ManifestFile:"obj\x64\Debug\DrawSkin\DrawSkin.exe.intermediate.manifest" /MANIFESTUAC:"level='asInvoker' uiAccess='false'" /DEBUG /PDB:"C:\Users\not2p\Desktop\Hand_Gesture_Recognition\HandGesture\NimbleSDK\SDK\CppExamples\vs2010\bin\debug\DrawSkin.pdb" /SUBSYSTEM:CONSOLE /TLBID:1 /ENTRY:"mainCRTStartup" /DYNAMICBASE /NXCOMPAT /IMPLIB:"bin\debug\DrawSkin.lib" /MACHINE:X64 obj\x64\Debug\DrawSkin\DrawSkin.obj
         C:\Users\not2p\Desktop\Hand_Gesture_Recognition\HandGesture\NimbleSDK\SDK\CppExamples\vs2010\bin\debug\HandTrackingClient.lib
         DrawSkin.vcxproj -> C:\Users\not2p\Desktop\Hand_Gesture_Recognition\HandGesture\NimbleSDK\SDK\CppExamples\vs2010\bin\debug\DrawSkin.exe
       Manifest:
         C:\Program Files (x86)\Microsoft SDKs\Windows\v7.0A\bin\mt.exe /nologo /verbose /outputresource:"bin\debug\DrawSkin.exe;#1" /manifest obj\x64\Debug\DrawSkin\DrawSkin.exe.intermediate.manifest
     1>Project "C:\Users\not2p\Desktop\Hand_Gesture_Recognition\HandGesture\NimbleSDK\SDK\CppExamples\vs2010\DrawSkin.vcxproj" (1) is building "C:\Users\not2p\Desktop\Hand_Gesture_Recognition\HandGesture\NimbleSDK\SDK\CppExamples\vs2010\HandTrackingClient.vcxproj" (2:4) on node 2 (GetCopyToOutputDirectoryItems target(s)).
       Project file contains ToolsVersion="14.0". This toolset may be unknown or missing, in which case you may be able to resolve this by installing the appropriate version of MSBuild, or the build may have been forced to a particular ToolsVersion for policy reasons. Treating the project as if it had ToolsVersion="4.0". For more information, please see http://go.microsoft.com/fwlink/?LinkId=291333.
     2>Done Building Project "C:\Users\not2p\Desktop\Hand_Gesture_Recognition\HandGesture\NimbleSDK\SDK\CppExamples\vs2010\HandTrackingClient.vcxproj" (GetCopyToOutputDirectoryItems target(s)).
     1>FinalizeBuildStatus:
         Deleting file "obj\x64\Debug\DrawSkin\DrawSkin.unsuccessfulbuild".
         Touching "obj\x64\Debug\DrawSkin\DrawSkin.lastbuildstate".
     1>Done Building Project "C:\Users\not2p\Desktop\Hand_Gesture_Recognition\HandGesture\NimbleSDK\SDK\CppExamples\vs2010\DrawSkin.vcxproj" (build target(s)).

Build succeeded.

Time Elapsed 00:00:01.60
